c:\users\thishafk\source\repos\biryukov\biryukov\x64\debug\vc143.pdb
c:\users\thishafk\source\repos\biryukov\biryukov\x64\debug\vc143.idb
c:\users\thishafk\source\repos\biryukov\biryukov\x64\debug\hotelmanagement.obj
c:\users\thishafk\source\repos\biryukov\biryukov\x64\debug\baseroom.obj
c:\users\thishafk\source\repos\biryukov\biryukov\x64\debug\viproom.obj
c:\users\thishafk\source\repos\biryukov\biryukov\x64\debug\standartroom.obj
c:\users\thishafk\source\repos\biryukov\biryukov\x64\debug\premiumroom.obj
c:\users\thishafk\source\repos\biryukov\biryukov\x64\debug\luxroom.obj
c:\users\thishafk\source\repos\biryukov\biryukov\x64\debug\biryukov.obj
c:\users\thishafk\source\repos\biryukov\biryukov\x64\debug\bill.obj
c:\users\thishafk\source\repos\biryukov\biryukov\x64\debug\guest.obj
c:\users\thishafk\source\repos\biryukov\biryukov\x64\debug\str.obj
c:\users\thishafk\source\repos\biryukov\biryukov\x64\debug\hotelmanagementadapter.obj
c:\users\thishafk\source\repos\biryukov\biryukov\x64\debug\guestadapter.obj
c:\users\thishafk\source\repos\biryukov\biryukov\x64\debug\billadapter.obj
c:\users\thishafk\source\repos\biryukov\biryukov\x64\debug\roomadapter.obj
c:\users\thishafk\source\repos\biryukov\x64\debug\biryukov.exe
c:\users\thishafk\source\repos\biryukov\x64\debug\biryukov.pdb
c:\users\thishafk\source\repos\biryukov\biryukov\x64\debug\biryukov.ilk
c:\users\thishafk\source\repos\biryukov\biryukov\x64\debug\biryukov.tlog\cl.command.1.tlog
c:\users\thishafk\source\repos\biryukov\biryukov\x64\debug\biryukov.tlog\cl.items.tlog
c:\users\thishafk\source\repos\biryukov\biryukov\x64\debug\biryukov.tlog\cl.read.1.tlog
c:\users\thishafk\source\repos\biryukov\biryukov\x64\debug\biryukov.tlog\cl.write.1.tlog
c:\users\thishafk\source\repos\biryukov\biryukov\x64\debug\biryukov.tlog\link.command.1.tlog
c:\users\thishafk\source\repos\biryukov\biryukov\x64\debug\biryukov.tlog\link.read.1.tlog
c:\users\thishafk\source\repos\biryukov\biryukov\x64\debug\biryukov.tlog\link.secondary.1.tlog
c:\users\thishafk\source\repos\biryukov\biryukov\x64\debug\biryukov.tlog\link.write.1.tlog
